<?xml version="1.0" encoding="UTF-8"?>
<!-- Generated by org.testng.reporters.JUnitReportReporter -->
<testsuite hostname="Samis-MacBook-Pro.local" name="com.qa.CapsuleCRMTests.LoginTests" tests="4" failures="0" timestamp="8 Jun 2019 15:25:56 GMT" time="55.797" errors="0">
  <testcase name="loginWithInvalidCredentials" time="12.913" classname="com.qa.CapsuleCRMTests.LoginTests"/>
  <testcase name="loginWithInvalidUsername" time="27.596" classname="com.qa.CapsuleCRMTests.LoginTests"/>
  <testcase name="successfulLogin" time="7.445" classname="com.qa.CapsuleCRMTests.LoginTests"/>
  <testcase name="loginWithInvalidPassword" time="7.843" classname="com.qa.CapsuleCRMTests.LoginTests"/>
</testsuite> <!-- com.qa.CapsuleCRMTests.LoginTests -->
